<?xml version="1.0" encoding="UTF-8"?>
<testng-results ignored="0" total="1" passed="1" failed="0" skipped="0">
  <reporter-output>
  </reporter-output>
  <suite started-at="2024-08-22T07:52:47 IST" name="Suite" finished-at="2024-08-22T07:52:58 IST" duration-ms="10803">
    <groups>
    </groups>
    <test started-at="2024-08-22T07:52:47 IST" name="Test" finished-at="2024-08-22T07:52:58 IST" duration-ms="10803">
      <class name="QA_Automation_Testing_Task.search_functionality">
        <test-method is-config="true" signature="beforetest()[pri:0, instance:QA_Automation_Testing_Task.search_functionality@576d5deb]" started-at="2024-08-22T07:52:47 IST" name="beforetest" finished-at="2024-08-22T07:52:51 IST" duration-ms="4385" status="PASS">
          <reporter-output>
          </reporter-output>
        </test-method> <!-- beforetest -->
        <test-method signature="search_product()[pri:0, instance:QA_Automation_Testing_Task.search_functionality@576d5deb]" started-at="2024-08-22T07:52:51 IST" name="search_product" finished-at="2024-08-22T07:52:57 IST" duration-ms="6011" status="PASS">
          <reporter-output>
          </reporter-output>
        </test-method> <!-- search_product -->
        <test-method is-config="true" signature="aftertest()[pri:0, instance:QA_Automation_Testing_Task.search_functionality@576d5deb]" started-at="2024-08-22T07:52:57 IST" name="aftertest" finished-at="2024-08-22T07:52:58 IST" duration-ms="344" status="PASS">
          <reporter-output>
          </reporter-output>
        </test-method> <!-- aftertest -->
      </class> <!-- QA_Automation_Testing_Task.search_functionality -->
    </test> <!-- Test -->
  </suite> <!-- Suite -->
</testng-results>
